<!DOCTYPE html PUBLIC "-//W3C//DTD XHTML 1.1//EN" "https://www.w3.org/TR/xhtml11/DTD/xhtml11.dtd">
<html xmlns="https://www.w3.org/1999/xhtml">
<head>
<meta http-equiv="content-type" content="text/html; charset=UTF-8"/>
<title>TestNG Report</title>
<style type="text/css">table {margin-bottom:10px;border-collapse:collapse;empty-cells:show}th,td {border:1px solid #009;padding:.25em .5em}th {vertical-align:bottom}td {vertical-align:top}table a {font-weight:bold}.stripe td {background-color: #E6EBF9}.num {text-align:right}.passedodd td {background-color: #3F3}.passedeven td {background-color: #0A0}.skippedodd td {background-color: #DDD}.skippedeven td {background-color: #CCC}.failedodd td,.attn {background-color: #F33}.failedeven td,.stripe .attn {background-color: #D00}.stacktrace {white-space:pre;font-family:monospace}.totop {font-size:85%;text-align:center;border-bottom:2px solid #000}.invisible {display:none}</style>
</head>
<body>
<table>
<tr><th>Test</th><th># Passed</th><th># Skipped</th><th># Retried</th><th># Failed</th><th>Time (ms)</th><th>Included Groups</th><th>Excluded Groups</th></tr>
<tr><th colspan="8">Suite</th></tr>
<tr><td><a href="#t0">iOS Test Suite</a></td><td class="num">1</td><td class="num">0</td><td class="num">0</td><td class="num attn">2</td><td class="num">184,358</td><td></td><td></td></tr>
</table>
<table id='summary'><thead><tr><th>Class</th><th>Method</th><th>Start</th><th>Time (ms)</th></tr></thead><tbody><tr><th colspan="4">Suite</th></tr></tbody><tbody id="t0"><tr><th colspan="4">iOS Test Suite &#8212; failed (configuration methods)</th></tr><tr class="failedeven"><td rowspan="1">Test.LoginTest</td><td><a href="#m0">getResult</a></td><td rowspan="1">1739875429585</td><td rowspan="1">1</td></tr><tr class="failedodd"><td rowspan="1">Test.SendTest</td><td><a href="#m1">getResult</a></td><td rowspan="1">1739875551289</td><td rowspan="1">0</td></tr><tr class="failedeven"><td rowspan="1">Test.SplashScreenTest</td><td><a href="#m2">getResult</a></td><td rowspan="1">1739875377590</td><td rowspan="1">5</td></tr><tr><th colspan="4">iOS Test Suite &#8212; failed</th></tr><tr class="failedeven"><td rowspan="1">Test.LoginTest</td><td><a href="#m3">validatelogin</a></td><td rowspan="1">1739875377605</td><td rowspan="1">51978</td></tr><tr class="failedodd"><td rowspan="1">Test.SendTest</td><td><a href="#m4">validatepayment</a></td><td rowspan="1">1739875429593</td><td rowspan="1">121691</td></tr><tr><th colspan="4">iOS Test Suite &#8212; passed</th></tr><tr class="passedeven"><td rowspan="1">Test.SplashScreenTest</td><td><a href="#m5">splashScreenPage</a></td><td rowspan="1">1739875367050</td><td rowspan="1">10536</td></tr></tbody>
</table>
<h2>iOS Test Suite</h2><h3 id="m0">Test.LoginTest#getResult</h3><table class="result"><tr class="param"><th>Parameter #1</th></tr><tr class="param stripe"><td>[TestResult name=validatelogin status=FAILURE method=LoginTest.validatelogin()[pri:0, instance:Test.LoginTest@7f485fda] output={null}]</td></tr><tr><th>Exception</th></tr><tr><td><div class="stacktrace">java.lang.NullPointerException: Cannot invoke &quot;com.aventstack.extentreports.ExtentTest.log(com.aventstack.extentreports.Status, com.aventstack.extentreports.markuputils.Markup)&quot; because &quot;Test.BaseClass.test&quot; is null
	at Test.BaseClass.getResult(BaseClass.java:114)
	at java.base/java.util.ArrayList.forEach(ArrayList.java:1511)
... Removed 32 stack frames</div></td></tr></table><p class="totop"><a href="#summary">back to summary</a></p>
<h3 id="m1">Test.SendTest#getResult</h3><table class="result"><tr class="param"><th>Parameter #1</th></tr><tr class="param stripe"><td>[TestResult name=validatepayment status=FAILURE method=SendTest.validatepayment()[pri:0, instance:Test.SendTest@28261e8e] output={null}]</td></tr><tr><th>Exception</th></tr><tr><td><div class="stacktrace">java.lang.NullPointerException: Cannot invoke &quot;com.aventstack.extentreports.ExtentTest.log(com.aventstack.extentreports.Status, com.aventstack.extentreports.markuputils.Markup)&quot; because &quot;Test.BaseClass.test&quot; is null
	at Test.BaseClass.getResult(BaseClass.java:114)
	at java.base/java.util.ArrayList.forEach(ArrayList.java:1511)
... Removed 32 stack frames</div></td></tr></table><p class="totop"><a href="#summary">back to summary</a></p>
<h3 id="m2">Test.SplashScreenTest#getResult</h3><table class="result"><tr class="param"><th>Parameter #1</th></tr><tr class="param stripe"><td>[TestResult name=splashScreenPage status=SUCCESS method=SplashScreenTest.splashScreenPage()[pri:0, instance:Test.SplashScreenTest@196a42c3] output={null}]</td></tr><tr><th>Exception</th></tr><tr><td><div class="stacktrace">java.lang.NullPointerException: Cannot invoke &quot;com.aventstack.extentreports.ExtentTest.log(com.aventstack.extentreports.Status, com.aventstack.extentreports.markuputils.Markup)&quot; because &quot;Test.BaseClass.test&quot; is null
	at Test.BaseClass.getResult(BaseClass.java:123)
	at java.base/java.util.ArrayList.forEach(ArrayList.java:1511)
... Removed 32 stack frames</div></td></tr></table><p class="totop"><a href="#summary">back to summary</a></p>
<h3 id="m3">Test.LoginTest#validatelogin</h3><table class="result"><tr><th>Exception</th></tr><tr><td><div class="stacktrace">java.lang.NumberFormatException: For input string: &quot;BTC&quot;
	at java.base/jdk.internal.math.FloatingDecimal.readJavaFormatString(FloatingDecimal.java:2054)
	at java.base/jdk.internal.math.FloatingDecimal.parseDouble(FloatingDecimal.java:110)
	at java.base/java.lang.Double.parseDouble(Double.java:651)
	at Page.Constant.getBalance(Constant.java:102)
	at Page.Constant.verifybalance(Constant.java:113)
	at Page.LoginPage.verifylogin(LoginPage.java:103)
	at Test.LoginTest.validatelogin(LoginTest.java:10)
	at java.base/java.util.ArrayList.forEach(ArrayList.java:1511)
... Removed 27 stack frames</div></td></tr></table><p class="totop"><a href="#summary">back to summary</a></p>
<h3 id="m4">Test.SendTest#validatepayment</h3><table class="result"><tr><th>Exception</th></tr><tr><td><div class="stacktrace">org.openqa.selenium.TimeoutException: Expected condition failed: waiting for element to be clickable: Proxy element for: DefaultElementLocator &apos;By.xpath: //XCUIElementTypeButton[@name=&quot;icn tab transactions&quot;]&apos; (tried for 15 second(s) with 500 milliseconds interval)
	at org.openqa.selenium.support.ui.WebDriverWait.timeoutException(WebDriverWait.java:84)
	at org.openqa.selenium.support.ui.FluentWait.until(FluentWait.java:228)
	at Page.HistoryPage.verifyhistory(HistoryPage.java:58)
	at Page.HistoryPage.historytest(HistoryPage.java:67)
	at Page.SendPage.lnurlsend(SendPage.java:52)
	at Page.SendPage.validatepayment(SendPage.java:134)
	at Test.SendTest.validatepayment(SendTest.java:13)
	at java.base/java.util.ArrayList.forEach(ArrayList.java:1511)
Caused by: org.openqa.selenium.NoSuchElementException: An element could not be located on the page using the given search parameters.
For documentation on this error, please visit: https://www.selenium.dev/documentation/webdriver/troubleshooting/errors#no-such-element-exception
Build info: version: &apos;4.28.1&apos;, revision: &apos;73f5ad48a2&apos;
System info: os.name: &apos;Mac OS X&apos;, os.arch: &apos;x86_64&apos;, os.version: &apos;14.5&apos;, java.version: &apos;17.0.11&apos;
Driver info: io.appium.java_client.ios.IOSDriver
Command: [ef5ab7f5-52ff-40dd-bb08-74064bef496c, findElement {value=//XCUIElementTypeButton[@name=&quot;icn tab transactions&quot;], using=xpath}]
Capabilities {appium:app: /Users/speed/Desktop/Speed.app, appium:autoAcceptAlerts: true, appium:autoGrantPermissions: true, appium:automationName: XCUITest, appium:bundleId: com.app.speed1.dev, appium:databaseEnabled: false, appium:deviceName: iPhone, appium:javascriptEnabled: true, appium:locationContextEnabled: false, appium:networkConnectionEnabled: false, appium:platformVersion: 17.5, appium:takesScreenshot: true, appium:udid: 24ADDA7D-D851-4D0D-BE60-FD1..., appium:useNewWDA: true, appium:webStorageEnabled: false, platformName: IOS}
Session ID: ef5ab7f5-52ff-40dd-bb08-74064bef496c
	at org.openqa.selenium.remote.ErrorCodec.decode(ErrorCodec.java:167)
	at org.openqa.selenium.remote.codec.w3c.W3CHttpResponseCodec.decode(W3CHttpResponseCodec.java:138)
	at org.openqa.selenium.remote.codec.w3c.W3CHttpResponseCodec.decode(W3CHttpResponseCodec.java:50)
	at org.openqa.selenium.remote.HttpCommandExecutor.execute(HttpCommandExecutor.java:215)
	at io.appium.java_client.remote.AppiumCommandExecutor.execute(AppiumCommandExecutor.java:237)
	at org.openqa.selenium.remote.RemoteWebDriver.execute(RemoteWebDriver.java:545)
	at org.openqa.selenium.remote.ElementLocation$ElementFinder$2.findElement(ElementLocation.java:165)
	at org.openqa.selenium.remote.ElementLocation.findElement(ElementLocation.java:59)
	at org.openqa.selenium.remote.RemoteWebDriver.findElement(RemoteWebDriver.java:368)
	at org.openqa.selenium.remote.RemoteWebDriver.findElement(RemoteWebDriver.java:362)
	at org.openqa.selenium.support.pagefactory.DefaultElementLocator.findElement(DefaultElementLocator.java:68)
	at org.openqa.selenium.support.pagefactory.internal.LocatingElementHandler.invoke(LocatingElementHandler.java:38)
	at jdk.proxy2/jdk.proxy2.$Proxy17.isDisplayed(Unknown Source)
	at org.openqa.selenium.support.ui.ExpectedConditions.elementIfVisible(ExpectedConditions.java:304)
	at org.openqa.selenium.support.ui.ExpectedConditions$10.apply(ExpectedConditions.java:290)
	at org.openqa.selenium.support.ui.ExpectedConditions$10.apply(ExpectedConditions.java:287)
	at org.openqa.selenium.support.ui.ExpectedConditions$23.apply(ExpectedConditions.java:656)
	at org.openqa.selenium.support.ui.ExpectedConditions$23.apply(ExpectedConditions.java:652)
	at org.openqa.selenium.support.ui.FluentWait.until(FluentWait.java:203)
	... 33 more
... Removed 31 stack frames</div></td></tr></table><p class="totop"><a href="#summary">back to summary</a></p>
<h3 id="m5">Test.SplashScreenTest#splashScreenPage</h3><table class="result"><tr><th class="invisible"/></tr></table><p class="totop"><a href="#summary">back to summary</a></p>
</body>
</html>
